<?xml version="1.0" encoding="UTF-8"?>
<!-- Generated by org.testng.reporters.JUnitReportReporter -->
<testsuite skipped="0" hostname="DESKTOP-3BEJG3S" name="testCases.DashboardTestCases" tests="3" failures="0" timestamp="2023-01-16T17:19:02 IST" time="42.676" errors="0">
  <testcase name="verifyTitleOfManageExpense" time="9.949" classname="testCases.DashboardTestCases"/>
  <system-out/>
  <testcase name="verifyTitleOfManageUsers" time="20.309" classname="testCases.DashboardTestCases"/>
  <system-out/>
  <testcase name="home_Background_Clr_Style_Verification" time="12.418" classname="testCases.DashboardTestCases"/>
  <system-out/>
</testsuite> <!-- testCases.DashboardTestCases -->
