<?xml version="1.0" encoding="UTF-8"?>
<!-- Generated by org.testng.reporters.JUnitReportReporter -->
<testsuite skipped="0" hostname="DESKTOP-3BEJG3S" name="testCases.ManageDeliverBoyTestCases" tests="1" failures="0" timestamp="2023-01-16T17:22:41 IST" time="21.661" errors="0">
  <testcase name="validateToolTip" time="21.661" classname="testCases.ManageDeliverBoyTestCases"/>
  <system-out/>
</testsuite> <!-- testCases.ManageDeliverBoyTestCases -->
