<?xml version="1.0" encoding="UTF-8"?>
<!-- Generated by org.testng.reporters.JUnitReportReporter -->
<testsuite hostname="DESKTOP-3BEJG3S" failures="0" tests="1" name="testCases.LoginTestCases" time="40.346" errors="0" timestamp="2022-12-16T09:31:45 IST" skipped="0">
  <testcase classname="testCases.LoginTestCases" name="remenberMeCheckBoxValidation" time="40.346"/>
  <system-out/>
</testsuite> <!-- testCases.LoginTestCases -->
