<?xml version="1.0" encoding="UTF-8"?>
<!-- Generated by org.testng.reporters.JUnitReportReporter -->
<testsuite skipped="0" hostname="DESKTOP-3BEJG3S" name="testCases.ManageProductPageTestCases" tests="5" failures="0" timestamp="2023-01-16T17:19:02 IST" time="96.601" errors="0">
  <testcase name="verify_The_Pdt_Stock_Status" time="11.564" classname="testCases.ManageProductPageTestCases"/>
  <system-out/>
  <testcase name="verifyThatUploadedImageIsDisplayed" time="30.078" classname="testCases.ManageProductPageTestCases"/>
  <system-out/>
  <testcase name="verifyTheStockRadioBtnIsSelectedByDefault" time="16.265" classname="testCases.ManageProductPageTestCases"/>
  <system-out/>
  <testcase name="verifyDeleteOptionWorkinSucessfully" time="17.452" classname="testCases.ManageProductPageTestCases"/>
  <system-out/>
  <testcase name="verifyThatUploadedImageIsDisplayedFromRemote" time="21.242" classname="testCases.ManageProductPageTestCases"/>
  <system-out/>
</testsuite> <!-- testCases.ManageProductPageTestCases -->
