<?xml version="1.0" encoding="UTF-8"?>
<!-- Generated by org.testng.reporters.JUnitReportReporter -->
<testsuite hostname="DESKTOP-3BEJG3S" failures="0" tests="1" name="testCases.MobileSliderTestCases" time="20.149" errors="0" timestamp="2022-12-15T14:14:47 IST" skipped="0">
  <testcase classname="testCases.MobileSliderTestCases" name="verifyTheFirstImgStatus" time="20.149"/>
  <system-out/>
</testsuite> <!-- testCases.MobileSliderTestCases -->
