<?xml version="1.0" encoding="UTF-8"?>
<!-- Generated by org.testng.reporters.JUnitReportReporter -->
<testsuite skipped="0" hostname="DESKTOP-3BEJG3S" name="testCases.ManageLocationPageTestCases" tests="1" failures="0" timestamp="2022-12-24T21:44:07 IST" time="12.645" errors="0">
  <testcase name="verifyTheFirstSelectedElementWhileEditingTheState" time="12.645" classname="testCases.ManageLocationPageTestCases"/>
  <system-out/>
</testsuite> <!-- testCases.ManageLocationPageTestCases -->
