<?xml version="1.0" encoding="UTF-8"?>
<!-- Generated by org.testng.reporters.JUnitReportReporter -->
<testsuite skipped="0" hostname="DESKTOP-3BEJG3S" name="testCases.AdminUsersPageTestCases" tests="3" failures="0" timestamp="2023-01-16T17:19:02 IST" time="67.515" errors="0">
  <testcase name="verifyAddNewAUserToAdminUsersPageWorkingProperly" time="40.883" classname="testCases.AdminUsersPageTestCases"/>
  <system-out/>
  <testcase name="verifyAddAlreadyExistsUserDetails" time="13.668" classname="testCases.AdminUsersPageTestCases"/>
  <system-out/>
  <testcase name="verifyTheSearchBtnWorking" time="12.964" classname="testCases.AdminUsersPageTestCases"/>
  <system-out/>
</testsuite> <!-- testCases.AdminUsersPageTestCases -->
