<?xml version="1.0" encoding="UTF-8"?>
<!-- Generated by org.testng.reporters.JUnitReportReporter -->
<testsuite hostname="DESKTOP-3BEJG3S" failures="0" tests="3" name="testCases.DashboardTestCases" time="25.567" errors="0" timestamp="2022-12-15T02:25:55 IST" skipped="0">
  <testcase classname="testCases.DashboardTestCases" name="home_Background_Clr_Style_Verification" time="7.799"/>
  <system-out/>
  <testcase classname="testCases.DashboardTestCases" name="verifyTitleOfManageExpense" time="6.538"/>
  <system-out/>
  <testcase classname="testCases.DashboardTestCases" name="verifyTitleOfManageUsers" time="11.230"/>
  <system-out/>
</testsuite> <!-- testCases.DashboardTestCases -->
