<?xml version="1.0" encoding="UTF-8"?>
<!-- Generated by org.testng.reporters.JUnitReportReporter -->
<testsuite skipped="0" hostname="DESKTOP-3BEJG3S" name="testCases.AdminUsersPageTestCases" tests="1" failures="0" timestamp="2022-12-25T22:24:33 IST" time="14.098" errors="0">
  <testcase name="verifyAddAlreadyExistsUserDetails" time="14.098" classname="testCases.AdminUsersPageTestCases"/>
  <system-out/>
</testsuite> <!-- testCases.AdminUsersPageTestCases -->
