<?xml version="1.0" encoding="UTF-8"?>
<!-- Generated by org.testng.reporters.JUnitReportReporter -->
<testsuite skipped="0" hostname="DESKTOP-3BEJG3S" name="testCases.MobileSliderTestCases" tests="1" failures="0" timestamp="2023-01-16T17:22:41 IST" time="11.772" errors="0">
  <testcase name="verifyTheTitleOfMsp" time="11.772" classname="testCases.MobileSliderTestCases"/>
  <system-out/>
</testsuite> <!-- testCases.MobileSliderTestCases -->
