<?xml version="1.0" encoding="UTF-8"?>
<!-- Generated by org.testng.reporters.JUnitReportReporter -->
<testsuite skipped="0" hostname="DESKTOP-3BEJG3S" name="testCases.PushNotificationTestCases" tests="1" failures="0" timestamp="2023-01-16T17:22:41 IST" time="9.335" errors="0">
  <testcase name="verifyTheTitleOfPnPage" time="9.335" classname="testCases.PushNotificationTestCases"/>
  <system-out/>
</testsuite> <!-- testCases.PushNotificationTestCases -->
