<?xml version="1.0" encoding="UTF-8"?>
<!-- Generated by org.testng.reporters.JUnitReportReporter -->
<testsuite hostname="DESKTOP-3BEJG3S" failures="0" tests="1" name="testCases.PushNotificationTestCases" time="10.431" errors="0" timestamp="2022-12-18T12:13:45 IST" skipped="0">
  <testcase classname="testCases.PushNotificationTestCases" name="verifyTheMandatorySignClr" time="10.431"/>
  <system-out/>
</testsuite> <!-- testCases.PushNotificationTestCases -->
