<?xml version="1.0" encoding="UTF-8"?>
<!-- Generated by org.testng.reporters.JUnitReportReporter -->
<testsuite skipped="0" hostname="DESKTOP-3BEJG3S" name="testCases.ManageProductPageTestCases" tests="1" failures="0" timestamp="2022-12-22T12:13:56 IST" time="36.832" errors="0">
  <testcase name="verifyThatUploadedImageIsDisplayedFromRemote" time="36.832" classname="testCases.ManageProductPageTestCases"/>
  <system-out/>
</testsuite> <!-- testCases.ManageProductPageTestCases -->
