<?xml version="1.0" encoding="UTF-8"?>
<!-- Generated by org.testng.reporters.JUnitReportReporter -->
<testsuite skipped="0" hostname="DESKTOP-3BEJG3S" name="testCases.LoginTestCases" tests="7" failures="0" timestamp="2023-01-16T17:19:02 IST" time="61.319" errors="0">
  <testcase name="verifyLoginProfile" time="7.364" classname="testCases.LoginTestCases"/>
  <system-out/>
  <testcase name="profileNameStyleValidation" time="9.710" classname="testCases.LoginTestCases"/>
  <system-out/>
  <testcase name="verifyLoginProfile" time="8.069" classname="testCases.LoginTestCases"/>
  <system-out/>
  <testcase name="verifyLoginProfile" time="12.502" classname="testCases.LoginTestCases"/>
  <system-out/>
  <testcase name="verifyLoginProfile" time="8.110" classname="testCases.LoginTestCases"/>
  <system-out/>
  <testcase name="remenberMeCheckBoxValidation" time="5.134" classname="testCases.LoginTestCases"/>
  <system-out/>
  <testcase name="excelRead" time="10.430" classname="testCases.LoginTestCases"/>
  <system-out/>
</testsuite> <!-- testCases.LoginTestCases -->
