<?xml version="1.0" encoding="UTF-8"?>
<!-- Generated by org.testng.reporters.JUnitReportReporter -->
<testsuite skipped="0" hostname="DESKTOP-3BEJG3S" name="testCases.LoginTestCases" tests="1" failures="0" timestamp="2022-12-22T19:42:40 IST" time="22.124" errors="0">
  <testcase name="excelRead" time="22.124" classname="testCases.LoginTestCases"/>
  <system-out/>
</testsuite> <!-- testCases.LoginTestCases -->
