<?xml version="1.0" encoding="UTF-8"?>
<!-- Generated by org.testng.reporters.JUnitReportReporter -->
<testsuite skipped="0" hostname="DESKTOP-3BEJG3S" name="testCases.ManageLocationPageTestCases" tests="2" failures="0" timestamp="2023-01-16T17:19:02 IST" time="25.642" errors="0">
  <testcase name="verifyTheActiveStatusCount" time="11.734" classname="testCases.ManageLocationPageTestCases"/>
  <system-out/>
  <testcase name="verifyTheFirstSelectedElementWhileEditingTheState" time="13.908" classname="testCases.ManageLocationPageTestCases"/>
  <system-out/>
</testsuite> <!-- testCases.ManageLocationPageTestCases -->
