<?xml version="1.0" encoding="UTF-8"?>
<!-- Generated by org.testng.reporters.JUnitReportReporter -->
<testsuite hostname="DESKTOP-3BEJG3S" failures="0" tests="1" name="testCases.ManageDeliverBoyTestCases" time="45.541" errors="0" timestamp="2022-12-19T09:43:06 IST" skipped="0">
  <testcase classname="testCases.ManageDeliverBoyTestCases" name="validateToolTip" time="45.541"/>
  <system-out/>
</testsuite> <!-- testCases.ManageDeliverBoyTestCases -->
