<?xml version="1.0" encoding="UTF-8"?>
<!-- Generated by org.testng.reporters.JUnitReportReporter -->
<testsuite skipped="0" hostname="DESKTOP-3BEJG3S" name="testCases.ManageOrderPageTestCases" tests="1" failures="0" timestamp="2022-12-22T12:28:59 IST" time="29.334" errors="0">
  <testcase name="getalloptions" time="29.334" classname="testCases.ManageOrderPageTestCases"/>
  <system-out/>
</testsuite> <!-- testCases.ManageOrderPageTestCases -->
