<?xml version="1.0" encoding="UTF-8"?>
<!-- Generated by org.testng.reporters.JUnitReportReporter -->
<testsuite skipped="0" hostname="DESKTOP-3BEJG3S" name="testCases.ManageOrderPageTestCases" tests="4" failures="0" timestamp="2023-01-16T17:19:02 IST" time="53.564" errors="0">
  <testcase name="verifyThePaymentModeList" time="13.970" classname="testCases.ManageOrderPageTestCases"/>
  <system-out/>
  <testcase name="verifyThatOrderIdAndPaymentModeWhileClickingSearchOption" time="10.084" classname="testCases.ManageOrderPageTestCases"/>
  <system-out/>
  <testcase name="verifyStatusDropDownSize" time="9.703" classname="testCases.ManageOrderPageTestCases"/>
  <system-out/>
  <testcase name="verifyTheChangeDeliveryDateOfSearchedOrder" time="19.807" classname="testCases.ManageOrderPageTestCases"/>
  <system-out/>
</testsuite> <!-- testCases.ManageOrderPageTestCases -->
